2021-09-10 13:36:27.663  INFO 1328 --- [main] uemf.org.SanProjectApplication           : Starting SanProjectApplication using Java 1.8.0_291 on MA-D-423274 with PID 1328 (C:\Users\hanae.berouylat\Desktop\HanaeBerouylat\PFE\laGed-backend-springBoot\SANProject\target\classes started by hanae.berouylat in C:\Users\hanae.berouylat\Desktop\HanaeBerouylat\PFE\laGed-backend-springBoot\SANProject)
2021-09-10 13:36:27.668  INFO 1328 --- [main] uemf.org.SanProjectApplication           : No active profile set, falling back to default profiles: default
2021-09-10 13:36:29.351  INFO 1328 --- [main] .s.d.r.c.RepositoryConfigurationDelegate : Bootstrapping Spring Data JPA repositories in DEFAULT mode.
2021-09-10 13:36:29.566  INFO 1328 --- [main] .s.d.r.c.RepositoryConfigurationDelegate : Finished Spring Data repository scanning in 202 ms. Found 8 JPA repository interfaces.
2021-09-10 13:36:30.902  INFO 1328 --- [main] o.s.b.w.embedded.tomcat.TomcatWebServer  : Tomcat initialized with port(s): 8080 (http)
2021-09-10 13:36:30.918  INFO 1328 --- [main] o.apache.catalina.core.StandardService   : Starting service [Tomcat]
2021-09-10 13:36:30.918  INFO 1328 --- [main] org.apache.catalina.core.StandardEngine  : Starting Servlet engine: [Apache Tomcat/9.0.50]
2021-09-10 13:36:31.267  INFO 1328 --- [main] o.a.c.c.C.[Tomcat].[localhost].[/]       : Initializing Spring embedded WebApplicationContext
2021-09-10 13:36:31.268  INFO 1328 --- [main] w.s.c.ServletWebServerApplicationContext : Root WebApplicationContext: initialization completed in 3532 ms
2021-09-10 13:36:31.784  INFO 1328 --- [main] o.hibernate.jpa.internal.util.LogHelper  : HHH000204: Processing PersistenceUnitInfo [name: default]
2021-09-10 13:36:31.863  INFO 1328 --- [main] org.hibernate.Version                    : HHH000412: Hibernate ORM core version 5.4.32.Final
2021-09-10 13:36:32.086  INFO 1328 --- [main] o.hibernate.annotations.common.Version   : HCANN000001: Hibernate Commons Annotations {5.1.2.Final}
2021-09-10 13:36:32.245  INFO 1328 --- [main] com.zaxxer.hikari.HikariDataSource       : HikariPool-1 - Starting...
2021-09-10 13:36:32.980  INFO 1328 --- [main] com.zaxxer.hikari.HikariDataSource       : HikariPool-1 - Start completed.
2021-09-10 13:36:33.028  INFO 1328 --- [main] org.hibernate.dialect.Dialect            : HHH000400: Using dialect: org.hibernate.dialect.SQLServer2012Dialect
2021-09-10 13:36:34.664  INFO 1328 --- [main] o.h.e.t.j.p.i.JtaPlatformInitiator       : HHH000490: Using JtaPlatform implementation: [org.hibernate.engine.transaction.jta.platform.internal.NoJtaPlatform]
2021-09-10 13:36:34.675  INFO 1328 --- [main] j.LocalContainerEntityManagerFactoryBean : Initialized JPA EntityManagerFactory for persistence unit 'default'
2021-09-10 13:36:34.743  WARN 1328 --- [main] JpaBaseConfiguration$JpaWebConfiguration : spring.jpa.open-in-view is enabled by default. Therefore, database queries may be performed during view rendering. Explicitly configure spring.jpa.open-in-view to disable this warning
2021-09-10 13:36:36.300  INFO 1328 --- [main] pertySourcedRequestMappingHandlerMapping : Mapped URL path [/v2/api-docs] onto method [springfox.documentation.swagger2.web.Swagger2Controller#getDocumentation(String, HttpServletRequest)]
2021-09-10 13:36:36.420  INFO 1328 --- [main] o.s.s.web.DefaultSecurityFilterChain     : Will secure any request with [org.springframework.security.web.context.request.async.WebAsyncManagerIntegrationFilter@408f70ab, org.springframework.security.web.context.SecurityContextPersistenceFilter@7921a37d, org.springframework.security.web.header.HeaderWriterFilter@36330be8, org.springframework.web.filter.CorsFilter@5383bf08, org.springframework.security.web.authentication.logout.LogoutFilter@493968a9, uemf.org.Security.JwtRequestFilter@7f353d99, org.springframework.security.web.savedrequest.RequestCacheAwareFilter@6338afe2, org.springframework.security.web.servletapi.SecurityContextHolderAwareRequestFilter@3d02ff64, org.springframework.security.web.authentication.AnonymousAuthenticationFilter@2586e878, org.springframework.security.web.session.SessionManagementFilter@1ce2029b, org.springframework.security.web.access.ExceptionTranslationFilter@217b0952, org.springframework.security.web.access.intercept.FilterSecurityInterceptor@14499b52]
2021-09-10 13:36:36.724  INFO 1328 --- [main] o.s.b.w.embedded.tomcat.TomcatWebServer  : Tomcat started on port(s): 8080 (http) with context path ''
2021-09-10 13:36:36.725  INFO 1328 --- [main] d.s.w.p.DocumentationPluginsBootstrapper : Context refreshed
2021-09-10 13:36:36.760  INFO 1328 --- [main] d.s.w.p.DocumentationPluginsBootstrapper : Found 1 custom documentation plugin(s)
2021-09-10 13:36:36.810  INFO 1328 --- [main] s.d.s.w.s.ApiListingReferenceScanner     : Scanning for api listing references
2021-09-10 13:36:37.102  INFO 1328 --- [main] uemf.org.SanProjectApplication           : Started SanProjectApplication in 10.071 seconds (JVM running for 10.918)
2021-09-10 13:36:40.780  INFO 1328 --- [http-nio-8080-exec-1] o.a.c.c.C.[Tomcat].[localhost].[/]       : Initializing Spring DispatcherServlet 'dispatcherServlet'
2021-09-10 13:36:40.874  INFO 1328 --- [http-nio-8080-exec-1] u.org.ServicesImpl.CategorieServiceImpl  : Début de Recuperation de toutes  les Categories.
2021-09-10 13:36:47.922  INFO 1328 --- [http-nio-8080-exec-2] u.org.ServicesImpl.CategorieServiceImpl  : Début de Recuperation de toutes  les Categories.
